<?xml version="1.0" encoding="utf-8"?><testsuites><testsuite name="pytest" errors="0" failures="0" skipped="0" tests="0" time="0.080" timestamp="2024-08-21T18:31:22.364049+00:00" hostname="codespaces-7aa0f7" /></testsuites>